<?xml version="1.0" encoding="UTF-8"?>
<!-- Generated by org.testng.reporters.JUnitXMLReporter -->
<testsuite hostname="Ritesh" ignored="0" name="Test" tests="3" failures="0" timestamp="2022-10-30T00:33:25 IST" time="221.496" errors="0">
  <testcase name="Ranking" time="152.188" classname="RiteshAutomation.First.Icc"/>
  <testcase name="WomenRanking" time="206.959" classname="RiteshAutomation.First.IccMouseHover"/>
  <testcase name="TeamRanking" time="221.243" classname="RiteshAutomation.First.IccTeam"/>
</testsuite> <!-- Test -->
